<?xml version="1.0" encoding="UTF-8"?>
<!-- Generated by org.testng.reporters.JUnitReportReporter -->
<testsuite hostname="DESKTOP-F4FT858" failures="0" tests="4" name="TestNGnew.day1.demoTest" time="10.615" errors="0" timestamp="2024-10-24T14:11:45 IST" skipped="0">
  <testcase classname="TestNGnew.day1.demoTest" name="openapp" time="5.782"/>
  <testcase classname="TestNGnew.day1.demoTest" name="testLogo" time="3.083"/>
  <testcase classname="TestNGnew.day1.demoTest" name="testLogin" time="1.396"/>
  <testcase classname="TestNGnew.day1.demoTest" name="closeApp" time="0.354"/>
</testsuite> <!-- TestNGnew.day1.demoTest -->
