<?xml version="1.0" encoding="UTF-8"?>
<!-- Generated by org.testng.reporters.JUnitReportReporter -->
<testsuite hostname="DESKTOP-F4FT858" failures="0" tests="4" name="TestNGnew.day1.demoTest" time="10.727" errors="0" timestamp="2024-10-24T14:14:01 IST" skipped="0">
  <testcase classname="TestNGnew.day1.demoTest" name="openapp" time="5.871"/>
  <testcase classname="TestNGnew.day1.demoTest" name="testLogo" time="3.055"/>
  <testcase classname="TestNGnew.day1.demoTest" name="testLogin" time="1.437"/>
  <testcase classname="TestNGnew.day1.demoTest" name="closeApp" time="0.364"/>
</testsuite> <!-- TestNGnew.day1.demoTest -->
